<?xml version="1.0" encoding="UTF-8"?>
<testng-results ignored="0" total="2" passed="2" failed="0" skipped="0">
  <reporter-output>
  </reporter-output>
  <suite started-at="2024-07-11T21:34:38 IST" name="Suite" finished-at="2024-07-11T21:35:30 IST" duration-ms="52338">
    <groups>
    </groups>
    <test started-at="2024-07-11T21:34:38 IST" name="Test" finished-at="2024-07-11T21:35:30 IST" duration-ms="52338">
      <class name="TestCases.TC_001_AccountRegistrationTest">
        <test-method is-config="true" signature="setup(java.lang.String,java.lang.String)[pri:0, instance:TestCases.TC_001_AccountRegistrationTest@72ea6193]" started-at="2024-07-11T21:34:38 IST" name="setup" finished-at="2024-07-11T21:35:13 IST" duration-ms="35456" status="PASS">
          <params>
            <param index="0">
              <value>
                <![CDATA[Windows]]>
              </value>
            </param>
            <param index="1">
              <value>
                <![CDATA[firefox]]>
              </value>
            </param>
          </params>
          <reporter-output>
          </reporter-output>
        </test-method> <!-- setup -->
        <test-method signature="verify_account_registration()[pri:0, instance:TestCases.TC_001_AccountRegistrationTest@72ea6193]" started-at="2024-07-11T21:35:13 IST" name="verify_account_registration" finished-at="2024-07-11T21:35:17 IST" duration-ms="3442" status="PASS">
          <reporter-output>
          </reporter-output>
        </test-method> <!-- verify_account_registration -->
        <test-method is-config="true" signature="tearDown()[pri:0, instance:TestCases.TC_001_AccountRegistrationTest@72ea6193]" started-at="2024-07-11T21:35:17 IST" name="tearDown" finished-at="2024-07-11T21:35:18 IST" duration-ms="1457" status="PASS">
          <reporter-output>
          </reporter-output>
        </test-method> <!-- tearDown -->
      </class> <!-- TestCases.TC_001_AccountRegistrationTest -->
      <class name="TestCases.TC_002_LoginTest">
        <test-method is-config="true" signature="setup(java.lang.String,java.lang.String)[pri:0, instance:TestCases.TC_002_LoginTest@2ccca26f]" started-at="2024-07-11T21:35:18 IST" name="setup" finished-at="2024-07-11T21:35:27 IST" duration-ms="8415" status="PASS">
          <params>
            <param index="0">
              <value>
                <![CDATA[Windows]]>
              </value>
            </param>
            <param index="1">
              <value>
                <![CDATA[firefox]]>
              </value>
            </param>
          </params>
          <reporter-output>
          </reporter-output>
        </test-method> <!-- setup -->
        <test-method signature="verifyLogin()[pri:0, instance:TestCases.TC_002_LoginTest@2ccca26f]" started-at="2024-07-11T21:35:27 IST" name="verifyLogin" finished-at="2024-07-11T21:35:29 IST" duration-ms="2259" status="PASS">
          <reporter-output>
          </reporter-output>
        </test-method> <!-- verifyLogin -->
        <test-method is-config="true" signature="tearDown()[pri:0, instance:TestCases.TC_002_LoginTest@2ccca26f]" started-at="2024-07-11T21:35:29 IST" name="tearDown" finished-at="2024-07-11T21:35:30 IST" duration-ms="1193" status="PASS">
          <reporter-output>
          </reporter-output>
        </test-method> <!-- tearDown -->
      </class> <!-- TestCases.TC_002_LoginTest -->
    </test> <!-- Test -->
  </suite> <!-- Suite -->
</testng-results>
